Mon Mar 30 14:39:55 2026       
+-----------------------------------------------------------------------------------------+
| NVIDIA-SMI 575.57.08              Driver Version: 575.57.08      CUDA Version: 12.9     |
|-----------------------------------------+------------------------+----------------------+
| GPU  Name                 Persistence-M | Bus-Id          Disp.A | Volatile Uncorr. ECC |
| Fan  Temp   Perf          Pwr:Usage/Cap |           Memory-Usage | GPU-Util  Compute M. |
|                                         |                        |               MIG M. |
|=========================================+========================+======================|
|   0  NVIDIA GeForce GTX TITAN X     Off |   00000000:02:00.0 Off |                  N/A |
| 22%   37C    P8             16W /  250W |       2MiB /  12288MiB |      0%      Default |
|                                         |                        |                  N/A |
+-----------------------------------------+------------------------+----------------------+
                                                                                         
+-----------------------------------------------------------------------------------------+
| Processes:                                                                              |
|  GPU   GI   CI              PID   Type   Process name                        GPU Memory |
|        ID   ID                                                               Usage      |
|=========================================================================================|
|  No running processes found                                                             |
+-----------------------------------------------------------------------------------------+
*****************************************************
                 Paper-Reviewer Matching
*****************************************************
                 hard_P_10: 25.33
                 hard_P_5: 32.71
                 soft_P_10: 55.42
                 soft_P_5: 65.23
*****************************************************
{'hard_P_10': 25.33, 'hard_P_5': 32.71, 'soft_P_10': 55.42, 'soft_P_5': 65.23}
